WARNING: An illegal reflective access operation has occurred
WARNING: Illegal reflective access by io.netty.util.internal.ReflectionUtil (file:/C:/Users/idual/.cache/firebase/emulators/firebase-database-emulator-v4.11.0.jar) to field sun.nio.ch.SelectorImpl.selectedKeys
WARNING: Please consider reporting this to the maintainers of io.netty.util.internal.ReflectionUtil
WARNING: Use --illegal-access=warn to enable warnings of further illegal reflective access operations
WARNING: All illegal access operations will be denied in a future release
18:42:04.123 [NamespaceSystem-akka.actor.default-dispatcher-4] INFO akka.event.slf4j.Slf4jLogger - Slf4jLogger started
18:42:04.285 [main] INFO com.firebase.server.forge.App$ - Listening at 127.0.0.1:9000
18:42:04.874 [NamespaceSystem-akka.actor.default-dispatcher-5] INFO com.firebase.core.namespace.NamespaceActor - chat-message-app-e1409-default-rtdb successfully activated FBKV (SurveyIdle(0)) wait: 140ms, init: 0ms
18:42:13.919 [NamespaceSystem-blocking-namespace-operation-dispatcher-9] INFO com.firebase.core.namespace.StateManager - Namespace chat-message-app-e1409-default-rtdb status Active to Active
18:42:13.933 [NamespaceSystem-blocking-namespace-operation-dispatcher-9] INFO com.firebase.core.namespace.StateManager - Namespace chat-message-app-e1409-default-rtdb status Active to Active
18:42:13.948 [NamespaceSystem-blocking-namespace-operation-dispatcher-9] INFO com.firebase.core.namespace.StateManager - Namespace chat-message-app-e1409-default-rtdb status Active to Active
18:42:19.333 [NamespaceSystem-blocking-namespace-operation-dispatcher-10] INFO com.firebase.core.stats.EventAuditLog - {"eventId":"wTNll5hAketrkmUlkwF3l0CJFho=","namespace":"chat-message-app-e1409-default-rtdb","projectNumber":"123456789","eventType":"providers/google.firebase.database/eventTypes/ref.delete","flowName":"projects/chat-message-app-e1409/topics/us-central1-user_left-0","resource":"projects/_/instances/chat-message-app-e1409-default-rtdb/refs/users/yiLtsYiDNZpxM2FWoEnA5vMJjPHr","evaluationTimestamp":"2023-02-03T23:42:19.280Z","stage":"TRIGGERED"}
18:42:20.243 [NamespaceSystem-blocking-namespace-operation-dispatcher-10] INFO com.firebase.core.stats.EventAuditLog - {"eventId":"x2H1Z8zEQ9oDdrIT7j2TWa28Y5g=","namespace":"chat-message-app-e1409-default-rtdb","projectNumber":"123456789","eventType":"providers/google.firebase.database/eventTypes/ref.create","flowName":"projects/chat-message-app-e1409/topics/us-central1-new_user-0","resource":"projects/_/instances/chat-message-app-e1409-default-rtdb/refs/users/hJwtpW9YxOxVUmR3Xl2VhyqT3oMj","evaluationTimestamp":"2023-02-03T23:42:20.239Z","stage":"TRIGGERED"}
18:42:21.159 [TriggersWorkerPool-3-2] ERROR com.firebase.server.client.GCFEmulatorPublisher - chat-message-app-e1409-default-rtdb failed to publish trigger to functions emulator with exception
com.firebase.server.client.ChannelClosedException$: The underlying socket was closed and released from the connection pool
	at com.firebase.server.client.ChannelClosedException$.<clinit>(SingleHostChannelPool.scala)
	at com.firebase.server.client.NettyHttpBesieger.$anonfun$channelCreated$2(NettyHttpBesieger.scala:165)
	at com.firebase.server.client.NettyHttpBesieger.$anonfun$channelCreated$2$adapted(NettyHttpBesieger.scala:164)
	at com.firebase.server.util.package$NettyFutureAdapter.$anonfun$onComplete$1(package.scala:85)
	at io.netty.util.concurrent.DefaultPromise.notifyListener0(DefaultPromise.java:507)
	at io.netty.util.concurrent.DefaultPromise.notifyListenersNow(DefaultPromise.java:481)
	at io.netty.util.concurrent.DefaultPromise.notifyListeners(DefaultPromise.java:420)
	at io.netty.util.concurrent.DefaultPromise.trySuccess(DefaultPromise.java:104)
	at io.netty.channel.DefaultChannelPromise.trySuccess(DefaultChannelPromise.java:82)
	at io.netty.channel.AbstractChannel$CloseFuture.setClosed(AbstractChannel.java:1002)
	at io.netty.channel.AbstractChannel$AbstractUnsafe.doClose0(AbstractChannel.java:632)
	at io.netty.channel.AbstractChannel$AbstractUnsafe.close(AbstractChannel.java:610)
	at io.netty.channel.AbstractChannel$AbstractUnsafe.close(AbstractChannel.java:553)
	at io.netty.channel.DefaultChannelPipeline$HeadContext.close(DefaultChannelPipeline.java:1244)
	at io.netty.channel.AbstractChannelHandlerContext.invokeClose(AbstractChannelHandlerContext.java:618)
	at io.netty.channel.AbstractChannelHandlerContext.close(AbstractChannelHandlerContext.java:602)
	at io.netty.channel.ChannelDuplexHandler.close(ChannelDuplexHandler.java:73)
	at io.netty.channel.AbstractChannelHandlerContext.invokeClose(AbstractChannelHandlerContext.java:618)
	at io.netty.channel.AbstractChannelHandlerContext.close(AbstractChannelHandlerContext.java:602)
	at io.netty.channel.ChannelOutboundHandlerAdapter.close(ChannelOutboundHandlerAdapter.java:71)
	at io.netty.channel.AbstractChannelHandlerContext.invokeClose(AbstractChannelHandlerContext.java:618)
	at io.netty.channel.AbstractChannelHandlerContext.close(AbstractChannelHandlerContext.java:602)
	at io.netty.channel.AbstractChannelHandlerContext.close(AbstractChannelHandlerContext.java:459)
	at com.firebase.server.client.PipelinedResponseReader.channelRead0(NettyHttpBesieger.scala:292)
	at com.firebase.server.client.PipelinedResponseReader.channelRead0(NettyHttpBesieger.scala:209)
	at io.netty.channel.SimpleChannelInboundHandler.channelRead(SimpleChannelInboundHandler.java:105)
	at io.netty.channel.AbstractChannelHandlerContext.invokeChannelRead(AbstractChannelHandlerContext.java:356)
	at io.netty.channel.AbstractChannelHandlerContext.invokeChannelRead(AbstractChannelHandlerContext.java:342)
	at io.netty.channel.AbstractChannelHandlerContext.fireChannelRead(AbstractChannelHandlerContext.java:335)
	at io.netty.handler.codec.MessageToMessageDecoder.channelRead(MessageToMessageDecoder.java:102)
	at io.netty.channel.AbstractChannelHandlerContext.invokeChannelRead(AbstractChannelHandlerContext.java:356)
	at io.netty.channel.AbstractChannelHandlerContext.invokeChannelRead(AbstractChannelHandlerContext.java:342)
	at io.netty.channel.AbstractChannelHandlerContext.fireChannelRead(AbstractChannelHandlerContext.java:335)
	at io.netty.handler.codec.ByteToMessageDecoder.fireChannelRead(ByteToMessageDecoder.java:312)
	at io.netty.handler.codec.ByteToMessageDecoder.channelRead(ByteToMessageDecoder.java:286)
	at io.netty.channel.AbstractChannelHandlerContext.invokeChannelRead(AbstractChannelHandlerContext.java:356)
	at io.netty.channel.AbstractChannelHandlerContext.invokeChannelRead(AbstractChannelHandlerContext.java:342)
	at io.netty.channel.AbstractChannelHandlerContext.fireChannelRead(AbstractChannelHandlerContext.java:335)
	at io.netty.handler.timeout.IdleStateHandler.channelRead(IdleStateHandler.java:286)
	at com.firebase.server.router.IdleStateDetectionHandler.channelRead(IdleStateDetectionHandler.scala:39)
	at io.netty.channel.AbstractChannelHandlerContext.invokeChannelRead(AbstractChannelHandlerContext.java:356)
	at io.netty.channel.AbstractChannelHandlerContext.invokeChannelRead(AbstractChannelHandlerContext.java:342)
	at io.netty.channel.AbstractChannelHandlerContext.fireChannelRead(AbstractChannelHandlerContext.java:335)
	at io.netty.channel.DefaultChannelPipeline$HeadContext.channelRead(DefaultChannelPipeline.java:1302)
	at io.netty.channel.AbstractChannelHandlerContext.invokeChannelRead(AbstractChannelHandlerContext.java:356)
	at io.netty.channel.AbstractChannelHandlerContext.invokeChannelRead(AbstractChannelHandlerContext.java:342)
	at io.netty.channel.DefaultChannelPipeline.fireChannelRead(DefaultChannelPipeline.java:919)
	at io.netty.channel.nio.AbstractNioByteChannel$NioByteUnsafe.read(AbstractNioByteChannel.java:131)
	at io.netty.channel.nio.NioEventLoop.processSelectedKey(NioEventLoop.java:646)
	at io.netty.channel.nio.NioEventLoop.processSelectedKeysOptimized(NioEventLoop.java:581)
	at io.netty.channel.nio.NioEventLoop.processSelectedKeys(NioEventLoop.java:498)
	at io.netty.channel.nio.NioEventLoop.run(NioEventLoop.java:460)
	at io.netty.util.concurrent.SingleThreadEventExecutor$2.run(SingleThreadEventExecutor.java:131)
	at io.netty.util.concurrent.DefaultThreadFactory$DefaultRunnableDecorator.run(DefaultThreadFactory.java:138)
	at java.base/java.lang.Thread.run(Thread.java:829)
18:42:31.036 [NamespaceSystem-blocking-namespace-operation-dispatcher-12] INFO com.firebase.core.stats.EventAuditLog - {"eventId":"ih5YOaTbLy5Ceur2rXNxg4BAZwg=","namespace":"chat-message-app-e1409-default-rtdb","projectNumber":"123456789","eventType":"providers/google.firebase.database/eventTypes/ref.delete","flowName":"projects/chat-message-app-e1409/topics/us-central1-user_left-0","resource":"projects/_/instances/chat-message-app-e1409-default-rtdb/refs/users/hJwtpW9YxOxVUmR3Xl2VhyqT3oMj","evaluationTimestamp":"2023-02-03T23:42:31.034Z","stage":"TRIGGERED"}
18:42:41.560 [NamespaceSystem-blocking-namespace-operation-dispatcher-13] INFO com.firebase.core.stats.EventAuditLog - {"eventId":"PfOntJAmjtjvaIjXF6ficVFhfmo=","namespace":"chat-message-app-e1409-default-rtdb","projectNumber":"123456789","eventType":"providers/google.firebase.database/eventTypes/ref.create","flowName":"projects/chat-message-app-e1409/topics/us-central1-new_user-0","resource":"projects/_/instances/chat-message-app-e1409-default-rtdb/refs/users/hJwtpW9YxOxVUmR3Xl2VhyqT3oMj","evaluationTimestamp":"2023-02-03T23:42:41.558Z","stage":"TRIGGERED"}
18:42:57.539 [FirebaseWorkerPool-1-2] WARN com.firebase.core.persistence.backend.dummy.EmulatorMetadataPersistence - Multiple projectIds are not recommended in single project mode. Requested 
namespace chat-message-app-e1409, but the emulator is configured for chat-message-app-e1409-default-rtdb. To 
opt-out of single project mode add/set the single_project_mode: false property in 
the firebase.json emulators config. 
18:42:57.545 [NamespaceSystem-akka.actor.default-dispatcher-5] INFO com.firebase.core.namespace.NamespaceActor - chat-message-app-e1409 successfully activated FBKV (SurveyIdle(0)) wait: 2ms, init: 0ms
18:44:10.048 [NamespaceSystem-blocking-namespace-operation-dispatcher-20] INFO com.firebase.core.stats.EventAuditLog - {"eventId":"CKAO+Xx6i2h9daWEoDxE410zbe8=","namespace":"chat-message-app-e1409-default-rtdb","projectNumber":"123456789","eventType":"providers/google.firebase.database/eventTypes/ref.delete","flowName":"projects/chat-message-app-e1409/topics/us-central1-user_left-0","resource":"projects/_/instances/chat-message-app-e1409-default-rtdb/refs/users/hJwtpW9YxOxVUmR3Xl2VhyqT3oMj","evaluationTimestamp":"2023-02-03T23:44:10.047Z","stage":"TRIGGERED"}
18:44:35.442 [NamespaceSystem-blocking-namespace-operation-dispatcher-23] INFO com.firebase.core.stats.EventAuditLog - {"eventId":"+TIu6IjXiU1gcLf6p8vlLv7DZIg=","namespace":"chat-message-app-e1409-default-rtdb","projectNumber":"123456789","eventType":"providers/google.firebase.database/eventTypes/ref.create","flowName":"projects/chat-message-app-e1409/topics/us-central1-new_user-0","resource":"projects/_/instances/chat-message-app-e1409-default-rtdb/refs/users/hJwtpW9YxOxVUmR3Xl2VhyqT3oMj","evaluationTimestamp":"2023-02-03T23:44:35.439Z","stage":"TRIGGERED"}
18:44:40.512 [NamespaceSystem-blocking-namespace-operation-dispatcher-25] INFO com.firebase.core.stats.EventAuditLog - {"eventId":"bLRl/CfsoLRyLZf88eNZo8GUjnk=","namespace":"chat-message-app-e1409-default-rtdb","projectNumber":"123456789","eventType":"providers/google.firebase.database/eventTypes/ref.delete","flowName":"projects/chat-message-app-e1409/topics/us-central1-user_left-0","resource":"projects/_/instances/chat-message-app-e1409-default-rtdb/refs/users/hJwtpW9YxOxVUmR3Xl2VhyqT3oMj","evaluationTimestamp":"2023-02-03T23:44:40.511Z","stage":"TRIGGERED"}
18:44:46.265 [NamespaceSystem-blocking-namespace-operation-dispatcher-26] INFO com.firebase.core.stats.EventAuditLog - {"eventId":"Ir88NL+LzDm1Sc0EQHvXmCNGBtg=","namespace":"chat-message-app-e1409-default-rtdb","projectNumber":"123456789","eventType":"providers/google.firebase.database/eventTypes/ref.create","flowName":"projects/chat-message-app-e1409/topics/us-central1-new_user-0","resource":"projects/_/instances/chat-message-app-e1409-default-rtdb/refs/users/hJwtpW9YxOxVUmR3Xl2VhyqT3oMj","evaluationTimestamp":"2023-02-03T23:44:46.264Z","stage":"TRIGGERED"}
18:44:50.078 [NamespaceSystem-blocking-namespace-operation-dispatcher-27] INFO com.firebase.core.stats.EventAuditLog - {"eventId":"y935SQ1urI4tpK/s/icD2qvR6rM=","namespace":"chat-message-app-e1409-default-rtdb","projectNumber":"123456789","eventType":"providers/google.firebase.database/eventTypes/ref.delete","flowName":"projects/chat-message-app-e1409/topics/us-central1-user_left-0","resource":"projects/_/instances/chat-message-app-e1409-default-rtdb/refs/users/hJwtpW9YxOxVUmR3Xl2VhyqT3oMj","evaluationTimestamp":"2023-02-03T23:44:50.075Z","stage":"TRIGGERED"}
18:45:16.064 [NamespaceSystem-blocking-namespace-operation-dispatcher-28] INFO com.firebase.core.stats.EventAuditLog - {"eventId":"ejn7Srl17et4xEUO+vM19zRB1Qw=","namespace":"chat-message-app-e1409-default-rtdb","projectNumber":"123456789","eventType":"providers/google.firebase.database/eventTypes/ref.create","flowName":"projects/chat-message-app-e1409/topics/us-central1-new_user-0","resource":"projects/_/instances/chat-message-app-e1409-default-rtdb/refs/users/hJwtpW9YxOxVUmR3Xl2VhyqT3oMj","evaluationTimestamp":"2023-02-03T23:45:16.062Z","stage":"TRIGGERED"}
18:45:20.011 [NamespaceSystem-blocking-namespace-operation-dispatcher-29] INFO com.firebase.core.stats.EventAuditLog - {"eventId":"gT/oFIOXwiZ7T5p+TjR3vZ2agZo=","namespace":"chat-message-app-e1409-default-rtdb","projectNumber":"123456789","eventType":"providers/google.firebase.database/eventTypes/ref.delete","flowName":"projects/chat-message-app-e1409/topics/us-central1-user_left-0","resource":"projects/_/instances/chat-message-app-e1409-default-rtdb/refs/users/hJwtpW9YxOxVUmR3Xl2VhyqT3oMj","evaluationTimestamp":"2023-02-03T23:45:20.009Z","stage":"TRIGGERED"}
18:45:23.902 [NamespaceSystem-blocking-namespace-operation-dispatcher-30] INFO com.firebase.core.stats.EventAuditLog - {"eventId":"1ry6hEKZLQpvnf0FSkRKoBU9ZiY=","namespace":"chat-message-app-e1409-default-rtdb","projectNumber":"123456789","eventType":"providers/google.firebase.database/eventTypes/ref.create","flowName":"projects/chat-message-app-e1409/topics/us-central1-new_user-0","resource":"projects/_/instances/chat-message-app-e1409-default-rtdb/refs/users/hJwtpW9YxOxVUmR3Xl2VhyqT3oMj","evaluationTimestamp":"2023-02-03T23:45:23.901Z","stage":"TRIGGERED"}
18:45:26.626 [NamespaceSystem-blocking-namespace-operation-dispatcher-31] INFO com.firebase.core.stats.EventAuditLog - {"eventId":"5TgA19gPMpNoY443PVOQUGpcSFQ=","namespace":"chat-message-app-e1409-default-rtdb","projectNumber":"123456789","eventType":"providers/google.firebase.database/eventTypes/ref.delete","flowName":"projects/chat-message-app-e1409/topics/us-central1-user_left-0","resource":"projects/_/instances/chat-message-app-e1409-default-rtdb/refs/users/hJwtpW9YxOxVUmR3Xl2VhyqT3oMj","evaluationTimestamp":"2023-02-03T23:45:26.624Z","stage":"TRIGGERED"}
18:45:31.651 [NamespaceSystem-blocking-namespace-operation-dispatcher-32] INFO com.firebase.core.stats.EventAuditLog - {"eventId":"GebvBBaCdet2y5KhrDvVfCftZuI=","namespace":"chat-message-app-e1409-default-rtdb","projectNumber":"123456789","eventType":"providers/google.firebase.database/eventTypes/ref.create","flowName":"projects/chat-message-app-e1409/topics/us-central1-new_user-0","resource":"projects/_/instances/chat-message-app-e1409-default-rtdb/refs/users/hJwtpW9YxOxVUmR3Xl2VhyqT3oMj","evaluationTimestamp":"2023-02-03T23:45:31.650Z","stage":"TRIGGERED"}
18:45:34.813 [NamespaceSystem-blocking-namespace-operation-dispatcher-33] INFO com.firebase.core.stats.EventAuditLog - {"eventId":"Hij2Kzx7WfYveEDiMkOUgJz8E3Y=","namespace":"chat-message-app-e1409-default-rtdb","projectNumber":"123456789","eventType":"providers/google.firebase.database/eventTypes/ref.delete","flowName":"projects/chat-message-app-e1409/topics/us-central1-user_left-0","resource":"projects/_/instances/chat-message-app-e1409-default-rtdb/refs/users/hJwtpW9YxOxVUmR3Xl2VhyqT3oMj","evaluationTimestamp":"2023-02-03T23:45:34.810Z","stage":"TRIGGERED"}
18:45:35.612 [NamespaceSystem-blocking-namespace-operation-dispatcher-33] INFO com.firebase.core.stats.EventAuditLog - {"eventId":"5ETpjgNfEDJXdKtiXliILr5Mb1c=","namespace":"chat-message-app-e1409-default-rtdb","projectNumber":"123456789","eventType":"providers/google.firebase.database/eventTypes/ref.create","flowName":"projects/chat-message-app-e1409/topics/us-central1-new_user-0","resource":"projects/_/instances/chat-message-app-e1409-default-rtdb/refs/users/Mk1LPHQ6h2jjGFJiKHrFU2eG1i5m","evaluationTimestamp":"2023-02-03T23:45:35.610Z","stage":"TRIGGERED"}
18:45:45.996 [NamespaceSystem-blocking-namespace-operation-dispatcher-34] INFO com.firebase.core.stats.EventAuditLog - {"eventId":"NRxsBFZ+TclzZVDhYqEYArZSAa8=","namespace":"chat-message-app-e1409-default-rtdb","projectNumber":"123456789","eventType":"providers/google.firebase.database/eventTypes/ref.delete","flowName":"projects/chat-message-app-e1409/topics/us-central1-user_left-0","resource":"projects/_/instances/chat-message-app-e1409-default-rtdb/refs/users/Mk1LPHQ6h2jjGFJiKHrFU2eG1i5m","evaluationTimestamp":"2023-02-03T23:45:45.994Z","stage":"TRIGGERED"}
